#
# There is insufficient memory for the Java Runtime Environment to continue.
# Native memory allocation (malloc) failed to allocate 32744 bytes for ChunkPool::allocate
# Possible reasons:
#   The system is out of physical RAM or swap space
#   In 32 bit mode, the process size limit was hit
# Possible solutions:
#   Reduce memory load on the system
#   Increase physical memory or swap space
#   Check if swap backing store is full
#   Use 64 bit Java on a 64 bit OS
#   Decrease Java heap size (-Xmx/-Xms)
#   Decrease number of Java threads
#   Decrease Java thread stack sizes (-Xss)
#   Set larger code cache with -XX:ReservedCodeCacheSize=
# This output file may be truncated or incomplete.
#
#  Out of Memory Error (allocation.cpp:273), pid=8648, tid=0x0000000000000670
#
# JRE version: Java(TM) SE Runtime Environment (8.0_101-b13) (build 1.8.0_101-b13)
# Java VM: Java HotSpot(TM) 64-Bit Server VM (25.101-b13 mixed mode windows-amd64 compressed oops)
# Failed to write core dump. Minidumps are not enabled by default on client versions of Windows
#

---------------  T H R E A D  ---------------

Current thread (0x0000000015478800):  JavaThread "C1 CompilerThread2" daemon [_thread_in_native, id=1648, stack(0x0000000015870000,0x0000000015970000)]

Stack: [0x0000000015870000,0x0000000015970000]
[error occurred during error reporting (printing stack bounds), id 0xc0000005]

Native frames: (J=compiled Java code, j=interpreted, Vv=VM code, C=native code)


Current CompileTask:
C1:   5524 1974   !   2       com.android.dx.cf.code.BytecodeArray::parseInstruction (2764 bytes)


---------------  P R O C E S S  ---------------

Java Threads: ( => current thread )
  0x0000000015bee800 JavaThread "pool-2-thread-4" [_thread_in_Java, id=2012, stack(0x0000000016770000,0x0000000016870000)]
  0x0000000015bee000 JavaThread "pool-2-thread-3" [_thread_blocked, id=8508, stack(0x0000000016670000,0x0000000016770000)]
  0x0000000015bed000 JavaThread "pool-2-thread-2" [_thread_blocked, id=6308, stack(0x0000000016570000,0x0000000016670000)]
  0x0000000015bea800 JavaThread "pool-3-thread-1" [_thread_blocked, id=7384, stack(0x0000000016470000,0x0000000016570000)]
  0x00000000157a9800 JavaThread "pool-2-thread-1" [_thread_blocked, id=5456, stack(0x0000000016370000,0x0000000016470000)]
  0x0000000013c8c800 JavaThread "Service Thread" daemon [_thread_blocked, id=9164, stack(0x0000000015970000,0x0000000015a70000)]
=>0x0000000015478800 JavaThread "C1 CompilerThread2" daemon [_thread_in_native, id=1648, stack(0x0000000015870000,0x0000000015970000)]
  0x0000000013c83800 JavaThread "C2 CompilerThread1" daemon [_thread_in_native, id=5780, stack(0x0000000015370000,0x0000000015470000)]
  0x0000000013c2d800 JavaThread "C2 CompilerThread0" daemon [_thread_in_native, id=8812, stack(0x0000000015270000,0x0000000015370000)]
  0x0000000013c2b000 JavaThread "Attach Listener" daemon [_thread_blocked, id=4716, stack(0x0000000015170000,0x0000000015270000)]
  0x0000000013c2a000 JavaThread "Signal Dispatcher" daemon [_thread_blocked, id=1856, stack(0x0000000015070000,0x0000000015170000)]
  0x0000000013c1a800 JavaThread "Finalizer" daemon [_thread_blocked, id=8960, stack(0x0000000014e90000,0x0000000014f90000)]
  0x0000000002800000 JavaThread "Reference Handler" daemon [_thread_blocked, id=8920, stack(0x0000000014d90000,0x0000000014e90000)]
  0x000000000270e000 JavaThread "main" [_thread_in_Java, id=7292, stack(0x0000000002550000,0x0000000002650000)]

Other Threads:
  0x0000000013bf7800 VMThread [stack: 0x0000000014c90000,0x0000000014d90000] [id=5936]
  0x0000000013c8e800 WatcherThread [stack: 0x0000000015a70000,0x0000000015b70000] [id=2508]

VM state:not at safepoint (normal execution)

VM Mutex/Monitor currently owned by a thread: None

Heap:
 PSYoungGen      total 74752K, used 45085K [0x00000000f5580000, 0x00000000ff280000, 0x0000000100000000)
  eden space 64000K, 53% used [0x00000000f5580000,0x00000000f770f058,0x00000000f9400000)
  from space 10752K, 99% used [0x00000000f9400000,0x00000000f9e78720,0x00000000f9e80000)
  to   space 16384K, 0% used [0x00000000fe280000,0x00000000fe280000,0x00000000ff280000)
 ParOldGen       total 44032K, used 19440K [0x00000000e0000000, 0x00000000e2b00000, 0x00000000f5580000)
  object space 44032K, 44% used [0x00000000e0000000,0x00000000e12fc0f0,0x00000000e2b00000)
 Metaspace       used 6402K, capacity 7154K, committed 7296K, reserved 1056768K
  class space    used 605K, capacity 618K, committed 640K, reserved 1048576K

Card table byte_map: [0x0000000011bd0000,0x0000000011ce0000] byte_map_base: 0x00000000114d0000

Marking Bits: (ParMarkBitMap*) 0x0000000066a2a6d0
 Begin Bits: [0x0000000012190000, 0x0000000012990000)
 End Bits:   [0x0000000012990000, 0x0000000013190000)

Polling page: 0x0000000002530000

CodeCache: size=245760Kb used=8335Kb max_used=8335Kb free=237424Kb
 bounds [0x0000000002810000, 0x0000000003040000, 0x0000000011810000]
 total_blobs=2195 nmethods=1925 adapters=182
 compilation: enabled

Compilation events (10 events):
Event: 5.374 Thread 0x0000000015478800 nmethod 1969 0x0000000003035910 code [0x0000000003035aa0, 0x0000000003035db8]
Event: 5.374 Thread 0x0000000015478800 1970       2       com.android.dx.cf.attrib.AttInnerClasses::byteLength (14 bytes)
Event: 5.374 Thread 0x0000000015478800 nmethod 1970 0x0000000003035590 code [0x00000000030356e0, 0x0000000003035850]
Event: 5.374 Thread 0x0000000015478800 1971   !   2       com.android.dx.rop.cst.CstType::intern (48 bytes)
Event: 5.375 Thread 0x0000000015478800 nmethod 1971 0x0000000003034990 code [0x0000000003034b40, 0x0000000003035048]
Event: 5.375 Thread 0x0000000015478800 1972       2       com.android.dx.dex.file.ClassDataItem::addStaticField (51 bytes)
Event: 5.375 Thread 0x0000000015478800 nmethod 1972 0x0000000003039b90 code [0x0000000003039d40, 0x000000000303a198]
Event: 5.376 Thread 0x0000000015478800 1973       2       java.util.concurrent.locks.AbstractQueuedSynchronizer::addWaiter (50 bytes)
Event: 5.376 Thread 0x0000000015478800 nmethod 1973 0x000000000303a4d0 code [0x000000000303a640, 0x000000000303a8e8]
Event: 5.394 Thread 0x0000000015478800 1974   !   2       com.android.dx.cf.code.BytecodeArray::parseInstruction (2764 bytes)

GC Heap History (10 events):
Event: 3.008 GC heap before
{Heap before GC invocations=3 (full 0):
 PSYoungGen      total 18944K, used 18938K [0x00000000f5580000, 0x00000000f7a80000, 0x0000000100000000)
  eden space 16384K, 100% used [0x00000000f5580000,0x00000000f6580000,0x00000000f6580000)
  from space 2560K, 99% used [0x00000000f6800000,0x00000000f6a7e908,0x00000000f6a80000)
  to   space 2560K, 0% used [0x00000000f6580000,0x00000000f6580000,0x00000000f6800000)
 ParOldGen       total 44032K, used 1873K [0x00000000e0000000, 0x00000000e2b00000, 0x00000000f5580000)
  object space 44032K, 4% used [0x00000000e0000000,0x00000000e01d4570,0x00000000e2b00000)
 Metaspace       used 6113K, capacity 7024K, committed 7296K, reserved 1056768K
  class space    used 601K, capacity 616K, committed 640K, reserved 1048576K
Event: 3.028 GC heap after
Heap after GC invocations=3 (full 0):
 PSYoungGen      total 18944K, used 2531K [0x00000000f5580000, 0x00000000f7a80000, 0x0000000100000000)
  eden space 16384K, 0% used [0x00000000f5580000,0x00000000f5580000,0x00000000f6580000)
  from space 2560K, 98% used [0x00000000f6580000,0x00000000f67f8c70,0x00000000f6800000)
  to   space 2560K, 0% used [0x00000000f7800000,0x00000000f7800000,0x00000000f7a80000)
 ParOldGen       total 44032K, used 4158K [0x00000000e0000000, 0x00000000e2b00000, 0x00000000f5580000)
  object space 44032K, 9% used [0x00000000e0000000,0x00000000e040fb68,0x00000000e2b00000)
 Metaspace       used 6113K, capacity 7024K, committed 7296K, reserved 1056768K
  class space    used 601K, capacity 616K, committed 640K, reserved 1048576K
}
Event: 3.388 GC heap before
{Heap before GC invocations=4 (full 0):
 PSYoungGen      total 18944K, used 18915K [0x00000000f5580000, 0x00000000f7a80000, 0x0000000100000000)
  eden space 16384K, 100% used [0x00000000f5580000,0x00000000f6580000,0x00000000f6580000)
  from space 2560K, 98% used [0x00000000f6580000,0x00000000f67f8c70,0x00000000f6800000)
  to   space 2560K, 0% used [0x00000000f7800000,0x00000000f7800000,0x00000000f7a80000)
 ParOldGen       total 44032K, used 4158K [0x00000000e0000000, 0x00000000e2b00000, 0x00000000f5580000)
  object space 44032K, 9% used [0x00000000e0000000,0x00000000e040fb68,0x00000000e2b00000)
 Metaspace       used 6195K, capacity 7090K, committed 7296K, reserved 1056768K
  class space    used 603K, capacity 618K, committed 640K, reserved 1048576K
Event: 3.418 GC heap after
Heap after GC invocations=4 (full 0):
 PSYoungGen      total 35328K, used 2543K [0x00000000f5580000, 0x00000000f7a80000, 0x0000000100000000)
  eden space 32768K, 0% used [0x00000000f5580000,0x00000000f5580000,0x00000000f7580000)
  from space 2560K, 99% used [0x00000000f7800000,0x00000000f7a7bf20,0x00000000f7a80000)
  to   space 2560K, 0% used [0x00000000f7580000,0x00000000f7580000,0x00000000f7800000)
 ParOldGen       total 44032K, used 7182K [0x00000000e0000000, 0x00000000e2b00000, 0x00000000f5580000)
  object space 44032K, 16% used [0x00000000e0000000,0x00000000e0703a98,0x00000000e2b00000)
 Metaspace       used 6195K, capacity 7090K, committed 7296K, reserved 1056768K
  class space    used 603K, capacity 618K, committed 640K, reserved 1048576K
}
Event: 3.810 GC heap before
{Heap before GC invocations=5 (full 0):
 PSYoungGen      total 35328K, used 35311K [0x00000000f5580000, 0x00000000f7a80000, 0x0000000100000000)
  eden space 32768K, 100% used [0x00000000f5580000,0x00000000f7580000,0x00000000f7580000)
  from space 2560K, 99% used [0x00000000f7800000,0x00000000f7a7bf20,0x00000000f7a80000)
  to   space 2560K, 0% used [0x00000000f7580000,0x00000000f7580000,0x00000000f7800000)
 ParOldGen       total 44032K, used 7182K [0x00000000e0000000, 0x00000000e2b00000, 0x00000000f5580000)
  object space 44032K, 16% used [0x00000000e0000000,0x00000000e0703a98,0x00000000e2b00000)
 Metaspace       used 6242K, capacity 7090K, committed 7296K, reserved 1056768K
  class space    used 604K, capacity 618K, committed 640K, reserved 1048576K
Event: 3.831 GC heap after
Heap after GC invocations=5 (full 0):
 PSYoungGen      total 35328K, used 2543K [0x00000000f5580000, 0x00000000fa780000, 0x0000000100000000)
  eden space 32768K, 0% used [0x00000000f5580000,0x00000000f5580000,0x00000000f7580000)
  from space 2560K, 99% used [0x00000000f7580000,0x00000000f77fbf20,0x00000000f7800000)
  to   space 9216K, 0% used [0x00000000f9e80000,0x00000000f9e80000,0x00000000fa780000)
 ParOldGen       total 44032K, used 12541K [0x00000000e0000000, 0x00000000e2b00000, 0x00000000f5580000)
  object space 44032K, 28% used [0x00000000e0000000,0x00000000e0c3f420,0x00000000e2b00000)
 Metaspace       used 6242K, capacity 7090K, committed 7296K, reserved 1056768K
  class space    used 604K, capacity 618K, committed 640K, reserved 1048576K
}
Event: 4.400 GC heap before
{Heap before GC invocations=6 (full 0):
 PSYoungGen      total 35328K, used 35311K [0x00000000f5580000, 0x00000000fa780000, 0x0000000100000000)
  eden space 32768K, 100% used [0x00000000f5580000,0x00000000f7580000,0x00000000f7580000)
  from space 2560K, 99% used [0x00000000f7580000,0x00000000f77fbf20,0x00000000f7800000)
  to   space 9216K, 0% used [0x00000000f9e80000,0x00000000f9e80000,0x00000000fa780000)
 ParOldGen       total 44032K, used 12541K [0x00000000e0000000, 0x00000000e2b00000, 0x00000000f5580000)
  object space 44032K, 28% used [0x00000000e0000000,0x00000000e0c3f420,0x00000000e2b00000)
 Metaspace       used 6276K, capacity 7154K, committed 7296K, reserved 1056768K
  class space    used 604K, capacity 618K, committed 640K, reserved 1048576K
Event: 4.478 GC heap after
Heap after GC invocations=6 (full 0):
 PSYoungGen      total 73216K, used 8500K [0x00000000f5580000, 0x00000000faa80000, 0x0000000100000000)
  eden space 64000K, 0% used [0x00000000f5580000,0x00000000f5580000,0x00000000f9400000)
  from space 9216K, 92% used [0x00000000f9e80000,0x00000000fa6cd1b0,0x00000000fa780000)
  to   space 10752K, 0% used [0x00000000f9400000,0x00000000f9400000,0x00000000f9e80000)
 ParOldGen       total 44032K, used 12541K [0x00000000e0000000, 0x00000000e2b00000, 0x00000000f5580000)
  object space 44032K, 28% used [0x00000000e0000000,0x00000000e0c3f420,0x00000000e2b00000)
 Metaspace       used 6276K, capacity 7154K, committed 7296K, reserved 1056768K
  class space    used 604K, capacity 618K, committed 640K, reserved 1048576K
}
Event: 5.245 GC heap before
{Heap before GC invocations=7 (full 0):
 PSYoungGen      total 73216K, used 72500K [0x00000000f5580000, 0x00000000faa80000, 0x0000000100000000)
  eden space 64000K, 100% used [0x00000000f5580000,0x00000000f9400000,0x00000000f9400000)
  from space 9216K, 92% used [0x00000000f9e80000,0x00000000fa6cd1b0,0x00000000fa780000)
  to   space 10752K, 0% used [0x00000000f9400000,0x00000000f9400000,0x00000000f9e80000)
 ParOldGen       total 44032K, used 12541K [0x00000000e0000000, 0x00000000e2b00000, 0x00000000f5580000)
  object space 44032K, 28% used [0x00000000e0000000,0x00000000e0c3f420,0x00000000e2b00000)
 Metaspace       used 6370K, capacity 7154K, committed 7296K, reserved 1056768K
  class space    used 604K, capacity 618K, committed 640K, reserved 1048576K
Event: 5.285 GC heap after
Heap after GC invocations=7 (full 0):
 PSYoungGen      total 74752K, used 10721K [0x00000000f5580000, 0x00000000ff280000, 0x0000000100000000)
  eden space 64000K, 0% used [0x00000000f5580000,0x00000000f5580000,0x00000000f9400000)
  from space 10752K, 99% used [0x00000000f9400000,0x00000000f9e78720,0x00000000f9e80000)
  to   space 16384K, 0% used [0x00000000fe280000,0x00000000fe280000,0x00000000ff280000)
 ParOldGen       total 44032K, used 19440K [0x00000000e0000000, 0x00000000e2b00000, 0x00000000f5580000)
  object space 44032K, 44% used [0x00000000e0000000,0x00000000e12fc0f0,0x00000000e2b00000)
 Metaspace       used 6370K, capacity 7154K, committed 7296K, reserved 1056768K
  class space    used 604K, capacity 618K, committed 640K, reserved 1048576K
}

Deoptimization events (10 events):
Event: 4.252 Thread 0x0000000015bed000 Uncommon trap: reason=bimorphic action=maybe_recompile pc=0x0000000002f04bf0 method=com.android.dx.cf.code.BytecodeArray.parseInstruction(ILcom/android/dx/cf/code/BytecodeArray$Visitor;)I @ 1501
Event: 4.253 Thread 0x0000000015bed000 Uncommon trap: reason=bimorphic action=maybe_recompile pc=0x0000000002f04bf0 method=com.android.dx.cf.code.BytecodeArray.parseInstruction(ILcom/android/dx/cf/code/BytecodeArray$Visitor;)I @ 1501
Event: 4.872 Thread 0x00000000157a9800 Uncommon trap: reason=bimorphic action=maybe_recompile pc=0x0000000002d148e8 method=com.android.dx.ssa.LiteralOpUpgrader.tryReplacingWithConstant(Lcom/android/dx/ssa/NormalSsaInsn;)Z @ 52
Event: 4.899 Thread 0x00000000157a9800 Uncommon trap: reason=bimorphic action=maybe_recompile pc=0x0000000002d148e8 method=com.android.dx.ssa.LiteralOpUpgrader.tryReplacingWithConstant(Lcom/android/dx/ssa/NormalSsaInsn;)Z @ 52
Event: 4.970 Thread 0x00000000157a9800 Uncommon trap: reason=unstable_if action=reinterpret pc=0x0000000002f499a4 method=com.android.dx.ssa.SCCP.simulateStmt(Lcom/android/dx/ssa/SsaInsn;)V @ 53
Event: 4.976 Thread 0x00000000157a9800 Uncommon trap: reason=class_check action=maybe_recompile pc=0x0000000002c74e80 method=java.util.HashMap.putVal(ILjava/lang/Object;Ljava/lang/Object;ZZ)Ljava/lang/Object; @ 203
Event: 5.392 Thread 0x0000000015bee000 Uncommon trap: reason=class_check action=maybe_recompile pc=0x00000000030123e0 method=com.android.dx.cf.code.BytecodeArray.parseInstruction(ILcom/android/dx/cf/code/BytecodeArray$Visitor;)I @ 1287
Event: 5.392 Thread 0x0000000015bee000 Uncommon trap: reason=class_check action=maybe_recompile pc=0x00000000030123e0 method=com.android.dx.cf.code.BytecodeArray.parseInstruction(ILcom/android/dx/cf/code/BytecodeArray$Visitor;)I @ 1287
Event: 5.394 Thread 0x0000000015bee000 Uncommon trap: reason=class_check action=maybe_recompile pc=0x00000000030123e0 method=com.android.dx.cf.code.BytecodeArray.parseInstruction(ILcom/android/dx/cf/code/BytecodeArray$Visitor;)I @ 1287
Event: 5.394 Thread 0x0000000015bee000 Uncommon trap: reason=class_check action=maybe_recompile pc=0x00000000030123e0 method=com.android.dx.cf.code.BytecodeArray.parseInstruction(ILcom/android/dx/cf/code/BytecodeArray$Visitor;)I @ 1287

Internal exceptions (4 events):
Event: 0.061 Thread 0x000000000270e000 Exception <a 'java/lang/NoSuchMethodError': Method sun.misc.Unsafe.defineClass(Ljava/lang/String;[BII)Ljava/lang/Class; name or signature does not match> (0x00000000f5587cc0) thrown at [C:\re\workspace\8-2-build-windows-amd64-cygwin\jdk8u101\7261\hotspot\s6ªΩÀk=Ø?
Event: 0.061 Thread 0x000000000270e000 Exception <a 'java/lang/NoSuchMethodError': Method sun.misc.Unsafe.prefetchRead(Ljava/lang/Object;J)V name or signature does not match> (0x00000000f5587fa8) thrown at [C:\re\workspace\8-2-build-windows-amd64-cygwin\jdk8u101\7261\hotspot\src\share\vm\prims\€º ‰f@
Event: 2.300 Thread 0x000000000270e000 Implicit null exception at 0x0000000002af5b87 to 0x0000000002af7d3d
Event: 2.778 Thread 0x0000000015bed000 Implicit null exception at 0x0000000002aecfa2 to 0x0000000002aed0a9

Events (10 events):
Event: 5.392 Thread 0x0000000015bee000 DEOPT UNPACKING pc=0x000000000285582a sp=0x000000001676e720 mode 2
Event: 5.392 Thread 0x0000000015bee000 Uncommon trap: trap_request=0xffffffde fr.pc=0x00000000030123e0
Event: 5.392 Thread 0x0000000015bee000 DEOPT PACKING pc=0x00000000030123e0 sp=0x000000001676e760
Event: 5.392 Thread 0x0000000015bee000 DEOPT UNPACKING pc=0x000000000285582a sp=0x000000001676e720 mode 2
Event: 5.394 Thread 0x0000000015bee000 Uncommon trap: trap_request=0xffffffde fr.pc=0x00000000030123e0
Event: 5.394 Thread 0x0000000015bee000 DEOPT PACKING pc=0x00000000030123e0 sp=0x000000001676e760
Event: 5.394 Thread 0x0000000015bee000 DEOPT UNPACKING pc=0x000000000285582a sp=0x000000001676e720 mode 2
Event: 5.394 Thread 0x0000000015bee000 Uncommon trap: trap_request=0xffffffde fr.pc=0x00000000030123e0
Event: 5.394 Thread 0x0000000015bee000 DEOPT PACKING pc=0x00000000030123e0 sp=0x000000001676e760
Event: 5.394 Thread 0x0000000015bee000 DEOPT UNPACKING pc=0x000000000285582a sp=0x000000001676e720 mode 2


Dynamic libraries:
0x00007ff7074a0000 - 0x00007ff7074d7000 	C:\Program Files\Java\jdk1.8.0_101\bin\java.exe
0x00007ffb02580000 - 0x00007ffb0272d000 	C:\Windows\SYSTEM32\ntdll.dll
0x00007ffb00180000 - 0x00007ffb002be000 	C:\Windows\system32\KERNEL32.DLL
0x00007ffaff770000 - 0x00007ffaff885000 	C:\Windows\system32\KERNELBASE.dll
0x00007ffafe220000 - 0x00007ffafe2ae000 	C:\Windows\system32\apphelp.dll
0x00007ffaecc30000 - 0x00007ffaecc83000 	C:\Windows\AppPatch\AppPatch64\AcGenral.DLL
0x00007ffb00540000 - 0x00007ffb005ea000 	C:\Windows\system32\msvcrt.dll
0x00007ffaff890000 - 0x00007ffaff8be000 	C:\Windows\system32\SspiCli.dll
0x00007ffb00d70000 - 0x00007ffb00dc4000 	C:\Windows\system32\SHLWAPI.dll
0x00007ffb00dd0000 - 0x00007ffb00f47000 	C:\Windows\system32\USER32.dll
0x00007ffb00860000 - 0x00007ffb009f4000 	C:\Windows\system32\ole32.dll
0x00007ffb01050000 - 0x00007ffb02578000 	C:\Windows\system32\SHELL32.dll
0x00007ffafecf0000 - 0x00007ffafed11000 	C:\Windows\SYSTEM32\USERENV.dll
0x00007ffaffe20000 - 0x00007ffaffeca000 	C:\Windows\system32\ADVAPI32.dll
0x00007ffaf02e0000 - 0x00007ffaf02fe000 	C:\Windows\SYSTEM32\MPR.dll
0x00007ffb00720000 - 0x00007ffb00860000 	C:\Windows\system32\RPCRT4.dll
0x00007ffb00120000 - 0x00007ffb00179000 	C:\Windows\SYSTEM32\sechost.dll
0x00007ffb002c0000 - 0x00007ffb004d1000 	C:\Windows\SYSTEM32\combase.dll
0x00007ffb00a00000 - 0x00007ffb00b4f000 	C:\Windows\system32\GDI32.dll
0x00007ffaff6a0000 - 0x00007ffaff6b5000 	C:\Windows\SYSTEM32\profapi.dll
0x00007ffafde90000 - 0x00007ffafdf42000 	C:\Windows\SYSTEM32\SHCORE.dll
0x00007ffb00d30000 - 0x00007ffb00d66000 	C:\Windows\system32\IMM32.DLL
0x00007ffaffcc0000 - 0x00007ffaffe12000 	C:\Windows\system32\MSCTF.dll
0x00007ffafd570000 - 0x00007ffafd7eb000 	C:\Windows\WinSxS\amd64_microsoft.windows.common-controls_6595b64144ccf1df_6.0.9600.18006_none_623f33d3ecbe86e8\COMCTL32.dll
0x0000000065e20000 - 0x0000000065ef2000 	C:\Program Files\Java\jdk1.8.0_101\jre\bin\msvcr100.dll
0x0000000066210000 - 0x0000000066aaa000 	C:\Program Files\Java\jdk1.8.0_101\jre\bin\server\jvm.dll
0x00007ffaef7e0000 - 0x00007ffaef7e9000 	C:\Windows\SYSTEM32\WSOCK32.dll
0x00007ffafe1d0000 - 0x00007ffafe1f2000 	C:\Windows\SYSTEM32\WINMM.dll
0x00007ffafe710000 - 0x00007ffafe71a000 	C:\Windows\SYSTEM32\VERSION.dll
0x00007ffb01040000 - 0x00007ffb01047000 	C:\Windows\system32\PSAPI.DLL
0x00007ffb004e0000 - 0x00007ffb0053a000 	C:\Windows\system32\WS2_32.dll
0x00007ffafe1a0000 - 0x00007ffafe1ca000 	C:\Windows\SYSTEM32\WINMMBASE.dll
0x00007ffaffed0000 - 0x00007ffaffed9000 	C:\Windows\system32\NSI.dll
0x00007ffaff8c0000 - 0x00007ffaff90f000 	C:\Windows\SYSTEM32\cfgmgr32.dll
0x00007ffafe480000 - 0x00007ffafe4a8000 	C:\Windows\SYSTEM32\DEVOBJ.dll
0x0000000067170000 - 0x000000006717f000 	C:\Program Files\Java\jdk1.8.0_101\jre\bin\verify.dll
0x00000000670b0000 - 0x00000000670d9000 	C:\Program Files\Java\jdk1.8.0_101\jre\bin\java.dll
0x0000000067090000 - 0x00000000670a6000 	C:\Program Files\Java\jdk1.8.0_101\jre\bin\zip.dll

VM Arguments:
jvm_args: -Djava.awt.headless=true -Xmx1024M -Dfile.encoding=windows-1252 -Duser.country=US -Duser.language=en -Duser.variant -Xmx512M 
java_command: com.android.dx.command.Main --dex --force-jumbo --num-threads=4 --multi-dex --output D:\sekolah\kelas2\PBO\kelompok\app\build\intermediates\transforms\dex\debug\folders\1000\10\com.android.support-support-v4-23.3.0_504a4d93bda8dd9e58990c04021a34db85e15d56 D:\sekolah\kelas2\PBO\kelompok\app\build\intermediates\exploded-aar\com.android.support\support-v4\23.3.0\jars\classes.jar
java_class_path (initial): D:\AndroidSDK\build-tools\23.0.3\lib\dx.jar
Launcher Type: SUN_STANDARD

Environment Variables:
_JAVA_OPTIONS=-Xmx512M
PATH=C:\ProgramData\Oracle\Java\javapath;C:\Program Files (x86)\Common Files\Intel\Shared Files\cpp\bin\Intel64;C:\Program Files\Java\jre1.8.0_102;C:\Program Files\Java\jdk1.8.0_101\bin
USERNAME=Smktelkom
OS=Windows_NT
PROCESSOR_IDENTIFIER=Intel64 Family 6 Model 69 Stepping 1, GenuineIntel



---------------  S Y S T E M  ---------------

OS: Windows 8.1 , 64 bit Build 9600 (6.3.9600.17415)

CPU:total 4 (2 cores per cpu, 2 threads per core) family 6 model 69 stepping 1, cmov, cx8, fxsr, mmx, sse, sse2, sse3, ssse3, sse4.1, sse4.2, popcnt, avx, avx2, aes, clmul, erms, lzcnt, ht, tsc, tscinvbit, bmi1, bmi2

Memory: 4k page, physical 4074560k(763860k free), swap 4074560k(12768k free)

vm_info: Java HotSpot(TM) 64-Bit Server VM (25.101-b13) for windows-amd64 JRE (1.8.0_101-b13), built on Jun 22 2016 01:21:29 by "java_re" with MS VC++ 10.0 (VS2010)

time: Sat Nov 19 19:21:40 2016
elapsed time: 5 seconds (0d 0h 0m 5s)

