#
# There is insufficient memory for the Java Runtime Environment to continue.
# Native memory allocation (malloc) failed to allocate 670016 bytes for Chunk::new
# Possible reasons:
#   The system is out of physical RAM or swap space
#   In 32 bit mode, the process size limit was hit
# Possible solutions:
#   Reduce memory load on the system
#   Increase physical memory or swap space
#   Check if swap backing store is full
#   Use 64 bit Java on a 64 bit OS
#   Decrease Java heap size (-Xmx/-Xms)
#   Decrease number of Java threads
#   Decrease Java thread stack sizes (-Xss)
#   Set larger code cache with -XX:ReservedCodeCacheSize=
# This output file may be truncated or incomplete.
#
#  Out of Memory Error (allocation.cpp:390), pid=5296, tid=0x0000000000001e5c
#
# JRE version: Java(TM) SE Runtime Environment (8.0_101-b13) (build 1.8.0_101-b13)
# Java VM: Java HotSpot(TM) 64-Bit Server VM (25.101-b13 mixed mode windows-amd64 compressed oops)
# Failed to write core dump. Minidumps are not enabled by default on client versions of Windows
#

---------------  T H R E A D  ---------------

Current thread (0x00000000153af800):  JavaThread "C2 CompilerThread1" daemon [_thread_in_native, id=7772, stack(0x0000000016ac0000,0x0000000016bc0000)]

Stack: [0x0000000016ac0000,0x0000000016bc0000]
[error occurred during error reporting (printing stack bounds), id 0xc0000005]

Native frames: (J=compiled Java code, j=interpreted, Vv=VM code, C=native code)


Current CompileTask:
C2:  14919 1599       4       com.android.dx.dex.code.RopToDop::dopFor (792 bytes)


---------------  P R O C E S S  ---------------

Java Threads: ( => current thread )
  0x0000000016fe9800 JavaThread "pool-2-thread-4" [_thread_blocked, id=7576, stack(0x00000000176c0000,0x00000000177c0000)]
  0x0000000016fbf800 JavaThread "pool-2-thread-3" [_thread_blocked, id=2396, stack(0x00000000175c0000,0x00000000176c0000)]
  0x0000000016fc1000 JavaThread "pool-2-thread-2" [_thread_blocked, id=4476, stack(0x00000000174c0000,0x00000000175c0000)]
  0x0000000016fc1800 JavaThread "pool-3-thread-1" [_thread_blocked, id=3080, stack(0x00000000173c0000,0x00000000174c0000)]
  0x0000000016fbd000 JavaThread "pool-2-thread-1" [_thread_blocked, id=4860, stack(0x00000000172c0000,0x00000000173c0000)]
  0x0000000016cc1800 JavaThread "Service Thread" daemon [_thread_blocked, id=6860, stack(0x00000000170c0000,0x00000000171c0000)]
  0x00000000153bd800 JavaThread "C1 CompilerThread2" daemon [_thread_blocked, id=7528, stack(0x0000000016bc0000,0x0000000016cc0000)]
=>0x00000000153af800 JavaThread "C2 CompilerThread1" daemon [_thread_in_native, id=7772, stack(0x0000000016ac0000,0x0000000016bc0000)]
  0x000000001535f000 JavaThread "C2 CompilerThread0" daemon [_thread_in_native, id=7368, stack(0x00000000169c0000,0x0000000016ac0000)]
  0x000000001535c000 JavaThread "Attach Listener" daemon [_thread_blocked, id=6904, stack(0x00000000168c0000,0x00000000169c0000)]
  0x0000000015359000 JavaThread "Signal Dispatcher" daemon [_thread_blocked, id=4456, stack(0x00000000167c0000,0x00000000168c0000)]
  0x000000001534a800 JavaThread "Finalizer" daemon [_thread_blocked, id=7808, stack(0x00000000165e0000,0x00000000166e0000)]
  0x0000000015329000 JavaThread "Reference Handler" daemon [_thread_blocked, id=6012, stack(0x00000000164e0000,0x00000000165e0000)]
  0x0000000002b90800 JavaThread "main" [_thread_in_native, id=6304, stack(0x00000000029f0000,0x0000000002af0000)]

Other Threads:
  0x0000000015327000 VMThread [stack: 0x00000000163e0000,0x00000000164e0000] [id=7308]
  0x0000000016ce3000 WatcherThread [stack: 0x00000000171c0000,0x00000000172c0000] [id=2700]

VM state:not at safepoint (normal execution)

VM Mutex/Monitor currently owned by a thread: None

Heap:
 PSYoungGen      total 68096K, used 63498K [0x00000000eab00000, 0x00000000ef000000, 0x0000000100000000)
  eden space 65536K, 93% used [0x00000000eab00000,0x00000000ee685690,0x00000000eeb00000)
  from space 2560K, 99% used [0x00000000eed80000,0x00000000eeffd340,0x00000000ef000000)
  to   space 2560K, 0% used [0x00000000eeb00000,0x00000000eeb00000,0x00000000eed80000)
 ParOldGen       total 44032K, used 13349K [0x00000000c0000000, 0x00000000c2b00000, 0x00000000eab00000)
  object space 44032K, 30% used [0x00000000c0000000,0x00000000c0d09780,0x00000000c2b00000)
 Metaspace       used 6360K, capacity 7192K, committed 7424K, reserved 1056768K
  class space    used 622K, capacity 656K, committed 768K, reserved 1048576K

Card table byte_map: [0x0000000012050000,0x0000000012260000] byte_map_base: 0x0000000011a50000

Marking Bits: (ParMarkBitMap*) 0x000000007315a6d0
 Begin Bits: [0x00000000127c0000, 0x00000000137c0000)
 End Bits:   [0x00000000137c0000, 0x00000000147c0000)

Polling page: 0x0000000002940000

CodeCache: size=245760Kb used=7386Kb max_used=7386Kb free=238373Kb
 bounds [0x0000000002c90000, 0x00000000033d0000, 0x0000000011c90000]
 total_blobs=1998 nmethods=1728 adapters=182
 compilation: enabled

Compilation events (10 events):
Event: 12.813 Thread 0x00000000153bd800 1768       2       com.android.dx.rop.cst.CstType::hashCode (8 bytes)
Event: 12.813 Thread 0x00000000153bd800 nmethod 1768 0x00000000033bbd90 code [0x00000000033bbf00, 0x00000000033bc088]
Event: 12.824 Thread 0x00000000153bd800 1770       2       com.android.dx.ssa.InterferenceRegisterMapper::areAnyPinned (81 bytes)
Event: 12.824 Thread 0x00000000153bd800 nmethod 1770 0x00000000033bc190 code [0x00000000033bc320, 0x00000000033bc678]
Event: 12.824 Thread 0x00000000153bd800 1771       2       com.android.dx.ssa.SsaBasicBlock::getLiveOutRegs (26 bytes)
Event: 12.825 Thread 0x00000000153bd800 nmethod 1771 0x00000000033bc9d0 code [0x00000000033bcb40, 0x00000000033bce48]
Event: 12.864 Thread 0x00000000153bd800 1772 %     3       com.android.dx.ssa.SCCP::simulateBranch @ 615 (666 bytes)
Event: 12.869 Thread 0x00000000153bd800 nmethod 1772% 0x00000000033bd010 code [0x00000000033bd4c0, 0x00000000033c1118]
Event: 12.869 Thread 0x00000000153bd800 1773 %     3       com.android.dx.util.IntList::binarysearch @ 45 (124 bytes)
Event: 12.870 Thread 0x00000000153bd800 nmethod 1773% 0x00000000033c2e10 code [0x00000000033c2fa0, 0x00000000033c34d0]

GC Heap History (8 events):
Event: 8.268 GC heap before
{Heap before GC invocations=1 (full 0):
 PSYoungGen      total 18944K, used 16384K [0x00000000eab00000, 0x00000000ec000000, 0x0000000100000000)
  eden space 16384K, 100% used [0x00000000eab00000,0x00000000ebb00000,0x00000000ebb00000)
  from space 2560K, 0% used [0x00000000ebd80000,0x00000000ebd80000,0x00000000ec000000)
  to   space 2560K, 0% used [0x00000000ebb00000,0x00000000ebb00000,0x00000000ebd80000)
 ParOldGen       total 44032K, used 0K [0x00000000c0000000, 0x00000000c2b00000, 0x00000000eab00000)
  object space 44032K, 0% used [0x00000000c0000000,0x00000000c0000000,0x00000000c2b00000)
 Metaspace       used 5515K, capacity 6512K, committed 6784K, reserved 1056768K
  class space    used 597K, capacity 616K, committed 640K, reserved 1048576K
Event: 8.475 GC heap after
Heap after GC invocations=1 (full 0):
 PSYoungGen      total 18944K, used 2556K [0x00000000eab00000, 0x00000000ed000000, 0x0000000100000000)
  eden space 16384K, 0% used [0x00000000eab00000,0x00000000eab00000,0x00000000ebb00000)
  from space 2560K, 99% used [0x00000000ebb00000,0x00000000ebd7f118,0x00000000ebd80000)
  to   space 2560K, 0% used [0x00000000ecd80000,0x00000000ecd80000,0x00000000ed000000)
 ParOldGen       total 44032K, used 1006K [0x00000000c0000000, 0x00000000c2b00000, 0x00000000eab00000)
  object space 44032K, 2% used [0x00000000c0000000,0x00000000c00fb9f8,0x00000000c2b00000)
 Metaspace       used 5515K, capacity 6512K, committed 6784K, reserved 1056768K
  class space    used 597K, capacity 616K, committed 640K, reserved 1048576K
}
Event: 9.207 GC heap before
{Heap before GC invocations=2 (full 0):
 PSYoungGen      total 18944K, used 18940K [0x00000000eab00000, 0x00000000ed000000, 0x0000000100000000)
  eden space 16384K, 100% used [0x00000000eab00000,0x00000000ebb00000,0x00000000ebb00000)
  from space 2560K, 99% used [0x00000000ebb00000,0x00000000ebd7f118,0x00000000ebd80000)
  to   space 2560K, 0% used [0x00000000ecd80000,0x00000000ecd80000,0x00000000ed000000)
 ParOldGen       total 44032K, used 1006K [0x00000000c0000000, 0x00000000c2b00000, 0x00000000eab00000)
  object space 44032K, 2% used [0x00000000c0000000,0x00000000c00fb9f8,0x00000000c2b00000)
 Metaspace       used 6000K, capacity 6898K, committed 7040K, reserved 1056768K
  class space    used 604K, capacity 618K, committed 640K, reserved 1048576K
Event: 9.517 GC heap after
Heap after GC invocations=2 (full 0):
 PSYoungGen      total 35328K, used 2529K [0x00000000eab00000, 0x00000000ed000000, 0x0000000100000000)
  eden space 32768K, 0% used [0x00000000eab00000,0x00000000eab00000,0x00000000ecb00000)
  from space 2560K, 98% used [0x00000000ecd80000,0x00000000ecff8698,0x00000000ed000000)
  to   space 2560K, 0% used [0x00000000ecb00000,0x00000000ecb00000,0x00000000ecd80000)
 ParOldGen       total 44032K, used 2883K [0x00000000c0000000, 0x00000000c2b00000, 0x00000000eab00000)
  object space 44032K, 6% used [0x00000000c0000000,0x00000000c02d0c28,0x00000000c2b00000)
 Metaspace       used 6000K, capacity 6898K, committed 7040K, reserved 1056768K
  class space    used 604K, capacity 618K, committed 640K, reserved 1048576K
}
Event: 11.022 GC heap before
{Heap before GC invocations=3 (full 0):
 PSYoungGen      total 35328K, used 35297K [0x00000000eab00000, 0x00000000ed000000, 0x0000000100000000)
  eden space 32768K, 100% used [0x00000000eab00000,0x00000000ecb00000,0x00000000ecb00000)
  from space 2560K, 98% used [0x00000000ecd80000,0x00000000ecff8698,0x00000000ed000000)
  to   space 2560K, 0% used [0x00000000ecb00000,0x00000000ecb00000,0x00000000ecd80000)
 ParOldGen       total 44032K, used 2883K [0x00000000c0000000, 0x00000000c2b00000, 0x00000000eab00000)
  object space 44032K, 6% used [0x00000000c0000000,0x00000000c02d0c28,0x00000000c2b00000)
 Metaspace       used 6200K, capacity 7090K, committed 7296K, reserved 1056768K
  class space    used 604K, capacity 618K, committed 640K, reserved 1048576K
Event: 11.439 GC heap after
Heap after GC invocations=3 (full 0):
 PSYoungGen      total 35328K, used 2550K [0x00000000eab00000, 0x00000000ef000000, 0x0000000100000000)
  eden space 32768K, 0% used [0x00000000eab00000,0x00000000eab00000,0x00000000ecb00000)
  from space 2560K, 99% used [0x00000000ecb00000,0x00000000ecd7d9a0,0x00000000ecd80000)
  to   space 2560K, 0% used [0x00000000eed80000,0x00000000eed80000,0x00000000ef000000)
 ParOldGen       total 44032K, used 8553K [0x00000000c0000000, 0x00000000c2b00000, 0x00000000eab00000)
  object space 44032K, 19% used [0x00000000c0000000,0x00000000c085a650,0x00000000c2b00000)
 Metaspace       used 6200K, capacity 7090K, committed 7296K, reserved 1056768K
  class space    used 604K, capacity 618K, committed 640K, reserved 1048576K
}
Event: 12.456 GC heap before
{Heap before GC invocations=4 (full 0):
 PSYoungGen      total 35328K, used 35318K [0x00000000eab00000, 0x00000000ef000000, 0x0000000100000000)
  eden space 32768K, 100% used [0x00000000eab00000,0x00000000ecb00000,0x00000000ecb00000)
  from space 2560K, 99% used [0x00000000ecb00000,0x00000000ecd7d9a0,0x00000000ecd80000)
  to   space 2560K, 0% used [0x00000000eed80000,0x00000000eed80000,0x00000000ef000000)
 ParOldGen       total 44032K, used 8553K [0x00000000c0000000, 0x00000000c2b00000, 0x00000000eab00000)
  object space 44032K, 19% used [0x00000000c0000000,0x00000000c085a650,0x00000000c2b00000)
 Metaspace       used 6248K, capacity 7090K, committed 7296K, reserved 1056768K
  class space    used 604K, capacity 618K, committed 640K, reserved 1048576K
Event: 12.542 GC heap after
Heap after GC invocations=4 (full 0):
 PSYoungGen      total 68096K, used 2548K [0x00000000eab00000, 0x00000000ef000000, 0x0000000100000000)
  eden space 65536K, 0% used [0x00000000eab00000,0x00000000eab00000,0x00000000eeb00000)
  from space 2560K, 99% used [0x00000000eed80000,0x00000000eeffd340,0x00000000ef000000)
  to   space 2560K, 0% used [0x00000000eeb00000,0x00000000eeb00000,0x00000000eed80000)
 ParOldGen       total 44032K, used 13349K [0x00000000c0000000, 0x00000000c2b00000, 0x00000000eab00000)
  object space 44032K, 30% used [0x00000000c0000000,0x00000000c0d09780,0x00000000c2b00000)
 Metaspace       used 6248K, capacity 7090K, committed 7296K, reserved 1056768K
  class space    used 604K, capacity 618K, committed 640K, reserved 1048576K
}

Deoptimization events (10 events):
Event: 10.726 Thread 0x0000000016fc1000 Uncommon trap: reason=unstable_if action=reinterpret pc=0x000000000322e324 method=com.android.dx.rop.code.RegisterSpecSet.localItemToSpec(Lcom/android/dx/rop/code/LocalItem;)Lcom/android/dx/rop/code/RegisterSpec; @ 35
Event: 11.518 Thread 0x0000000016fe9800 Uncommon trap: reason=uninitialized action=reinterpret pc=0x000000000325a870 method=com.android.dx.cf.code.BytecodeArray.parseInstruction(ILcom/android/dx/cf/code/BytecodeArray$Visitor;)I @ 999
Event: 11.522 Thread 0x0000000016fe9800 Uncommon trap: reason=bimorphic action=maybe_recompile pc=0x0000000003160ef4 method=java.util.HashMap.putVal(ILjava/lang/Object;Ljava/lang/Object;ZZ)Ljava/lang/Object; @ 203
Event: 12.397 Thread 0x0000000002b90800 Uncommon trap: reason=unloaded action=reinterpret pc=0x00000000032cf664 method=com.android.dx.cf.cst.ConstantPoolParser.parse0(ILjava/util/BitSet;)Lcom/android/dx/rop/cst/Constant; @ 220
Event: 12.407 Thread 0x0000000016fbf800 Uncommon trap: reason=unstable_if action=reinterpret pc=0x000000000321effc method=com.android.dx.ssa.SCCP.simulateStmt(Lcom/android/dx/ssa/SsaInsn;)V @ 53
Event: 12.449 Thread 0x0000000016fc1000 Uncommon trap: reason=unstable_if action=reinterpret pc=0x00000000030b9dbc method=com.android.dx.util.IntList.binarysearch(I)I @ 105
Event: 12.588 Thread 0x0000000016fc1000 Uncommon trap: reason=unstable_if action=reinterpret pc=0x000000000331d0a8 method=com.android.dx.ssa.SCCP.simulateBranch(Lcom/android/dx/ssa/SsaInsn;)V @ 64
Event: 12.588 Thread 0x0000000016fc1000 Uncommon trap: reason=unloaded action=reinterpret pc=0x000000000318d950 method=com.android.dx.ssa.LiteralOpUpgrader$1.visitNonMoveInsn(Lcom/android/dx/ssa/NormalSsaInsn;)V @ 72
Event: 12.589 Thread 0x0000000016fc1000 Uncommon trap: reason=unstable_if action=reinterpret pc=0x0000000003094f1c method=com.android.dx.ssa.SsaMethod.updateOneDefinition(Lcom/android/dx/ssa/SsaInsn;Lcom/android/dx/rop/code/RegisterSpec;)V @ 4
Event: 12.599 Thread 0x0000000016fbf800 Uncommon trap: reason=unloaded action=reinterpret pc=0x000000000318d950 method=com.android.dx.ssa.LiteralOpUpgrader$1.visitNonMoveInsn(Lcom/android/dx/ssa/NormalSsaInsn;)V @ 72

Internal exceptions (3 events):
Event: 0.082 Thread 0x0000000002b90800 Exception <a 'java/lang/NoSuchMethodError': Method sun.misc.Unsafe.defineClass(Ljava/lang/String;[BII)Ljava/lang/Class; name or signature does not match> (0x00000000eab07cc0) thrown at [C:\re\workspace\8-2-build-windows-amd64-cygwin\jdk8u101\7261\hotspot\sùÛü°!µ?
Event: 0.083 Thread 0x0000000002b90800 Exception <a 'java/lang/NoSuchMethodError': Method sun.misc.Unsafe.prefetchRead(Ljava/lang/Object;J)V name or signature does not match> (0x00000000eab07fa8) thrown at [C:\re\workspace\8-2-build-windows-amd64-cygwin\jdk8u101\7261\hotspot\src\share\vm\prims\ﬂ"Æ9ﬁ¡#@
Event: 9.879 Thread 0x0000000016fbf800 Implicit null exception at 0x0000000002f4e2cf to 0x0000000002f50591

Events (10 events):
Event: 12.588 loading class com/android/dx/rop/code/RegOps
Event: 12.588 loading class com/android/dx/rop/code/RegOps done
Event: 12.589 Thread 0x0000000016fc1000 DEOPT PACKING pc=0x000000000318d950 sp=0x00000000175be710
Event: 12.589 Thread 0x0000000016fc1000 DEOPT UNPACKING pc=0x0000000002cd582a sp=0x00000000175be6d8 mode 2
Event: 12.589 Thread 0x0000000016fc1000 Uncommon trap: trap_request=0xffffff65 fr.pc=0x0000000003094f1c
Event: 12.589 Thread 0x0000000016fc1000 DEOPT PACKING pc=0x0000000003094f1c sp=0x00000000175be550
Event: 12.589 Thread 0x0000000016fc1000 DEOPT UNPACKING pc=0x0000000002cd582a sp=0x00000000175be4f8 mode 2
Event: 12.599 Thread 0x0000000016fbf800 Uncommon trap: trap_request=0x0000004e fr.pc=0x000000000318d950
Event: 12.599 Thread 0x0000000016fbf800 DEOPT PACKING pc=0x000000000318d950 sp=0x00000000176be870
Event: 12.600 Thread 0x0000000016fbf800 DEOPT UNPACKING pc=0x0000000002cd582a sp=0x00000000176be838 mode 2


Dynamic libraries:
0x00007ff718e90000 - 0x00007ff718ec7000 	C:\Program Files\Java\jdk1.8.0_101\bin\java.exe
0x00007ffef1530000 - 0x00007ffef16dd000 	C:\Windows\SYSTEM32\ntdll.dll
0x00007ffef1220000 - 0x00007ffef135e000 	C:\Windows\system32\KERNEL32.DLL
0x00007ffeee980000 - 0x00007ffeeea95000 	C:\Windows\system32\KERNELBASE.dll
0x00007ffeed070000 - 0x00007ffeed0fe000 	C:\Windows\system32\apphelp.dll
0x00007ffecb400000 - 0x00007ffecb453000 	C:\Windows\AppPatch\AppPatch64\AcGenral.DLL
0x00007ffeeef50000 - 0x00007ffeeeffa000 	C:\Windows\system32\msvcrt.dll
0x00007ffeee900000 - 0x00007ffeee92e000 	C:\Windows\system32\SspiCli.dll
0x00007ffeef000000 - 0x00007ffeef054000 	C:\Windows\system32\SHLWAPI.dll
0x00007ffeefa30000 - 0x00007ffeefba7000 	C:\Windows\system32\USER32.dll
0x00007ffeef540000 - 0x00007ffeef6d4000 	C:\Windows\system32\ole32.dll
0x00007ffeefcf0000 - 0x00007ffef1218000 	C:\Windows\system32\SHELL32.dll
0x00007ffeedc20000 - 0x00007ffeedc41000 	C:\Windows\SYSTEM32\USERENV.dll
0x00007ffeef2b0000 - 0x00007ffeef35a000 	C:\Windows\system32\ADVAPI32.dll
0x00007ffee6360000 - 0x00007ffee637e000 	C:\Windows\SYSTEM32\MPR.dll
0x00007ffeefbb0000 - 0x00007ffeefcf0000 	C:\Windows\system32\RPCRT4.dll
0x00007ffeeeef0000 - 0x00007ffeeef49000 	C:\Windows\SYSTEM32\sechost.dll
0x00007ffeef7b0000 - 0x00007ffeef9c1000 	C:\Windows\SYSTEM32\combase.dll
0x00007ffeeec20000 - 0x00007ffeeed6f000 	C:\Windows\system32\GDI32.dll
0x00007ffeee650000 - 0x00007ffeee665000 	C:\Windows\SYSTEM32\profapi.dll
0x00007ffeeca20000 - 0x00007ffeecad2000 	C:\Windows\SYSTEM32\SHCORE.dll
0x00007ffeeeeb0000 - 0x00007ffeeeee6000 	C:\Windows\system32\IMM32.DLL
0x00007ffeef130000 - 0x00007ffeef282000 	C:\Windows\system32\MSCTF.dll
0x00007ffeec5a0000 - 0x00007ffeec81b000 	C:\Windows\WinSxS\amd64_microsoft.windows.common-controls_6595b64144ccf1df_6.0.9600.18006_none_623f33d3ecbe86e8\COMCTL32.dll
0x00000000723a0000 - 0x0000000072472000 	C:\Program Files\Java\jdk1.8.0_101\jre\bin\msvcr100.dll
0x0000000072940000 - 0x00000000731da000 	C:\Program Files\Java\jdk1.8.0_101\jre\bin\server\jvm.dll
0x00007ffee69c0000 - 0x00007ffee69c9000 	C:\Windows\SYSTEM32\WSOCK32.dll
0x00007ffee91c0000 - 0x00007ffee91e2000 	C:\Windows\SYSTEM32\WINMM.dll
0x00007ffeeb990000 - 0x00007ffeeb99a000 	C:\Windows\SYSTEM32\VERSION.dll
0x00007ffeef2a0000 - 0x00007ffeef2a7000 	C:\Windows\system32\PSAPI.DLL
0x00007ffeeed70000 - 0x00007ffeeedca000 	C:\Windows\system32\WS2_32.dll
0x00007ffee8980000 - 0x00007ffee89aa000 	C:\Windows\SYSTEM32\WINMMBASE.dll
0x00007ffef1520000 - 0x00007ffef1529000 	C:\Windows\system32\NSI.dll
0x00007ffeee930000 - 0x00007ffeee97f000 	C:\Windows\SYSTEM32\cfgmgr32.dll
0x00007ffeed2c0000 - 0x00007ffeed2e8000 	C:\Windows\SYSTEM32\DEVOBJ.dll
0x0000000072930000 - 0x000000007293f000 	C:\Program Files\Java\jdk1.8.0_101\jre\bin\verify.dll
0x0000000072900000 - 0x0000000072929000 	C:\Program Files\Java\jdk1.8.0_101\jre\bin\java.dll
0x00000000728e0000 - 0x00000000728f6000 	C:\Program Files\Java\jdk1.8.0_101\jre\bin\zip.dll

VM Arguments:
jvm_args: -Djava.awt.headless=true -Xmx1024M -Dfile.encoding=windows-1252 -Duser.country=US -Duser.language=en -Duser.variant 
java_command: com.android.dx.command.Main --dex --force-jumbo --num-threads=4 --multi-dex --output D:\ANDROID STUDIO\kelompok\app\build\intermediates\transforms\dex\debug\folders\1000\10\com.android.support-appcompat-v7-23.3.0_e14f9801cabec901886f1c85477acba853c55ad8 D:\ANDROID STUDIO\kelompok\app\build\intermediates\exploded-aar\com.android.support\appcompat-v7\23.3.0\jars\classes.jar
java_class_path (initial): C:\Users\ASUS-A455l\AppData\Local\Android\sdk\build-tools\23.0.3\lib\dx.jar
Launcher Type: SUN_STANDARD

Environment Variables:
PATH=C:\Program Files\Java\jdk1.8.0_101\bin;C:\Program Files\Git\cmd;C:\Program Files\Java\jdk1.8.0_101\bin
USERNAME=ASUS-A455l
OS=Windows_NT
PROCESSOR_IDENTIFIER=Intel64 Family 6 Model 61 Stepping 4, GenuineIntel



---------------  S Y S T E M  ---------------

OS: Windows 8.1 , 64 bit Build 9600 (6.3.9600.17415)

CPU:total 4 (2 cores per cpu, 2 threads per core) family 6 model 61 stepping 4, cmov, cx8, fxsr, mmx, sse, sse2, sse3, ssse3, sse4.1, sse4.2, popcnt, avx, avx2, aes, clmul, erms, 3dnowpref, lzcnt, ht, tsc, tscinvbit, bmi1, bmi2, adx

Memory: 4k page, physical 4091592k(104508k free), swap 7237320k(25140k free)

vm_info: Java HotSpot(TM) 64-Bit Server VM (25.101-b13) for windows-amd64 JRE (1.8.0_101-b13), built on Jun 22 2016 01:21:29 by "java_re" with MS VC++ 10.0 (VS2010)

time: Mon Nov 14 15:26:37 2016
elapsed time: 16 seconds (0d 0h 0m 16s)

